<?xml version="1.0" encoding="UTF-8"?>
<!-- Generated by org.testng.reporters.JUnitReportReporter -->
<testsuite hostname="LAPTOP-RSKPRROG" failures="0" tests="1" name="neoStoxTestClasses.NeoStockTest" time="11.543" errors="0" timestamp="2022-11-29T15:37:31 IST" skipped="0">
  <testcase classname="neoStoxTestClasses.NeoStockTest" name="validatingAcName" time="11.543"/>
  <system-out/>
</testsuite> <!-- neoStoxTestClasses.NeoStockTest -->
